        -:    0:Source:/home/ritup2404/baran-capital-view/src/TaskScheduler.cpp
        -:    0:Graph:/home/ritup2404/baran-capital-view/build-coverage/CMakeFiles/portfolio_health_core.dir/src/TaskScheduler.cpp.gcno
        -:    0:Data:/home/ritup2404/baran-capital-view/build-coverage/CMakeFiles/portfolio_health_core.dir/src/TaskScheduler.cpp.gcda
        -:    0:Runs:2
        -:    1:#include "TaskScheduler.hpp"
        -:    2:
        -:    3:#include <algorithm>
        -:    4:#include <stdexcept>
        -:    5:
        -:    6:namespace folio {
        -:    7:
function _ZN5folio13TaskSchedulerC2Emm called 2 returned 100% blocks executed 61%
        2:    8:TaskScheduler::TaskScheduler(std::size_t workerCount, std::size_t maxQueueSize)
        2:    9:    : maxQueueSize_(maxQueueSize), running_(true) {
call    0 returned 2
call    1 returned 2
call    2 returned 2
branch  3 taken 2 (fallthrough)
branch  4 taken 0 (throw)
call    5 returned 2
        2:   10:    workers_.reserve(workerCount);
call    0 returned 2
branch  1 taken 2 (fallthrough)
branch  2 taken 0 (throw)
        4:   11:    for (std::size_t i = 0; i < workerCount; ++i) {
branch  0 taken 2
branch  1 taken 2 (fallthrough)
        2:   12:        workers_.emplace_back(&TaskScheduler::workerLoop, this);
call    0 returned 2
branch  1 taken 2 (fallthrough)
branch  2 taken 0 (throw)
        -:   13:    }
        2:   14:}
call    0 never executed
call    1 never executed
call    2 never executed
        -:   15:
function _ZN5folio13TaskSchedulerD2Ev called 2 returned 100% blocks executed 100%
        2:   16:TaskScheduler::~TaskScheduler() {
        2:   17:    shutdown();
call    0 returned 2
        2:   18:}
call    0 returned 2
call    1 returned 2
call    2 returned 2
        -:   19:
function _ZN5folio13TaskScheduler8scheduleERKNSt7__cxx1112basic_stringIcSt11char_traitsIcESaIcEEESt8functionIFvvEEi called 2 returned 100% blocks executed 48%
        2:   20:std::string TaskScheduler::schedule(const std::string& type, TaskFn fn, int priority) {
        2:   21:    if (!running_) {
branch  0 taken 0 (fallthrough)
branch  1 taken 2
    #####:   22:        throw std::runtime_error("task scheduler is shut down");
call    0 never executed
call    1 never executed
branch  2 never executed (fallthrough)
branch  3 never executed (throw)
call    4 never executed
call    5 never executed
        -:   23:    }
        2:   24:    std::unique_lock<std::mutex> lock(mutex_);
call    0 returned 2
branch  1 taken 2 (fallthrough)
branch  2 taken 0 (throw)
        2:   25:    if (tasks_.size() >= maxQueueSize_) {
call    0 returned 2
branch  1 taken 0 (fallthrough)
branch  2 taken 2
    #####:   26:        throw std::runtime_error("task queue is full");
call    0 never executed
call    1 never executed
branch  2 never executed (fallthrough)
branch  3 never executed (throw)
call    4 never executed
call    5 never executed
        -:   27:    }
        2:   28:    const std::string id = type + "-" + std::to_string(++nextId_);
call    0 returned 2
branch  1 taken 2 (fallthrough)
branch  2 taken 0 (throw)
call    3 returned 2
branch  4 taken 2 (fallthrough)
branch  5 taken 0 (throw)
call    6 returned 2
branch  7 taken 2 (fallthrough)
branch  8 taken 0 (throw)
call    9 returned 2
call   10 returned 2
call   11 never executed
call   12 never executed
        2:   29:    Task task{ id, type, std::move(fn), priority, std::chrono::steady_clock::now() };
call    0 returned 2
branch  1 taken 2 (fallthrough)
branch  2 taken 0 (throw)
call    3 returned 2
branch  4 taken 2 (fallthrough)
branch  5 taken 0 (throw)
call    6 returned 2
call    7 returned 2
call    8 returned 2
branch  9 never executed (fallthrough)
branch 10 never executed
call   11 never executed
        2:   30:    tasks_.push(std::move(task));
call    0 returned 2
call    1 returned 2
branch  2 taken 2 (fallthrough)
branch  3 taken 0 (throw)
        2:   31:    condition_.notify_one();
call    0 returned 2
        4:   32:    return id;
        2:   33:}
call    0 returned 2
call    1 returned 2
call    2 never executed
call    3 never executed
call    4 never executed
        -:   34:
function _ZN5folio13TaskScheduler8shutdownEv called 4 returned 100% blocks executed 95%
        4:   35:void TaskScheduler::shutdown() {
        -:   36:    {
        4:   37:        std::lock_guard<std::mutex> lock(mutex_);
call    0 returned 4
branch  1 taken 4 (fallthrough)
branch  2 taken 0 (throw)
        4:   38:        if (!running_) return;
branch  0 taken 2 (fallthrough)
branch  1 taken 2
        2:   39:        running_ = false;
        4:   40:    }
call    0 returned 4
branch  1 taken 2 (fallthrough)
branch  2 taken 2
        2:   41:    condition_.notify_all();
call    0 returned 2
        4:   42:    for (auto& worker : workers_) {
call    0 returned 2
call    1 returned 2
call    2 returned 2
call    3 returned 2
call    4 returned 4
branch  5 taken 2
branch  6 taken 2 (fallthrough)
        2:   43:        if (worker.joinable()) worker.join();
call    0 returned 2
branch  1 taken 2 (fallthrough)
branch  2 taken 0
call    3 returned 2
branch  4 taken 2 (fallthrough)
branch  5 taken 0 (throw)
        -:   44:    }
        -:   45:}
        -:   46:
function _ZNK5folio13TaskScheduler7runningEv called 0 returned 0% blocks executed 0%
    #####:   47:bool TaskScheduler::running() const {
    #####:   48:    std::lock_guard<std::mutex> lock(mutex_);
call    0 never executed
branch  1 never executed (fallthrough)
branch  2 never executed (throw)
    #####:   49:    return running_;
    #####:   50:}
call    0 never executed
        -:   51:
function _ZN5folio13TaskScheduler10workerLoopEv called 2 returned 100% blocks executed 79%
        2:   52:void TaskScheduler::workerLoop() {
        -:   53:    while (true) {
        4:   54:        Task task;
call    0 returned 4
branch  1 taken 4 (fallthrough)
branch  2 taken 0 (throw)
        -:   55:        {
        4:   56:            std::unique_lock<std::mutex> lock(mutex_);
call    0 returned 4
branch  1 taken 4 (fallthrough)
branch  2 taken 0 (throw)
function _ZZN5folio13TaskScheduler10workerLoopEvENKUlvE_clEv called 6 returned 100% blocks executed 100%
        4:   57:            condition_.wait(lock, [this] {
call    0 returned 4
branch  1 taken 4 (fallthrough)
branch  2 taken 0 (throw)
        6:   58:                return !running_ || !tasks_.empty();
branch  0 taken 4 (fallthrough)
branch  1 taken 2
call    2 returned 4
branch  3 taken 2 (fallthrough)
branch  4 taken 2
        -:   59:            });
        4:   60:            if (!running_ && tasks_.empty()) {
branch  0 taken 2 (fallthrough)
branch  1 taken 2
call    2 returned 2
branch  3 taken 2 (fallthrough)
branch  4 taken 0
branch  5 taken 2 (fallthrough)
branch  6 taken 2
        4:   61:                return;
        -:   62:            }
        2:   63:            task = std::move(tasks_.front());
call    0 returned 2
call    1 returned 2
call    2 returned 2
        2:   64:            tasks_.pop();
call    0 returned 2
        4:   65:        }
call    0 returned 4
branch  1 taken 2 (fallthrough)
branch  2 taken 2
call    3 never executed
        -:   66:
        2:   67:        if (task.fn) {
call    0 returned 2
branch  1 taken 2
branch  2 taken 0
        -:   68:            try {
        2:   69:                task.fn();
call    0 returned 2
branch  1 taken 2 (fallthrough)
branch  2 taken 0 (throw)
    =====:   70:            } catch (...) {
call    0 never executed
        -:   71:                // Intentionally swallow to preserve scheduler uptime.
    =====:   72:            }
call    0 never executed
branch  1 never executed (fallthrough)
branch  2 never executed (throw)
        -:   73:        }
        6:   74:    }
call    0 returned 4
branch  1 taken 2 (fallthrough)
branch  2 taken 2
call    3 never executed
        -:   75:}
        -:   76:
        -:   77:} // namespace folio
