        -:    0:Source:/home/ritup2404/baran-capital-view/src/UpstoxClient.cpp
        -:    0:Graph:/home/ritup2404/baran-capital-view/build-coverage/CMakeFiles/portfolio_health_core.dir/src/UpstoxClient.cpp.gcno
        -:    0:Data:/home/ritup2404/baran-capital-view/build-coverage/CMakeFiles/portfolio_health_core.dir/src/UpstoxClient.cpp.gcda
        -:    0:Runs:2
        -:    1:#include "UpstoxClient.hpp"
        -:    2:#include "SecureUtils.hpp"
        -:    3:
        -:    4:#include <nlohmann/json.hpp>
        -:    5:
        -:    6:#include <cmath>
        -:    7:#include <stdexcept>
        -:    8:#include <map>
        -:    9:#include <utility>
        -:   10:#include <set>
        -:   11:
        -:   12:namespace folio {
        -:   13:
        -:   14:using nlohmann::json;
        -:   15:
        -:   16:namespace {
        -:   17:
        -:   18:// Best-effort numeric parsing: the Upstox payload can occasionally deliver
        -:   19:// numeric fields as JSON strings ("0"), so accept both without failing.
function _ZN5folio12_GLOBAL__N_18asDoubleERKN8nlohmann16json_abi_v3_11_310basic_jsonISt3mapSt6vectorNSt7__cxx1112basic_stringIcSt11char_traitsIcESaIcEEEblmdSaNS2_14adl_serializerES5_IhSaIhEEvEEPKcd called 0 returned 0% blocks executed 0%
    #####:   20:double asDouble(const json& j, const char* key, double fallback = 0.0) {
    #####:   21:    auto it = j.find(key);
call    0 never executed
branch  1 never executed (fallthrough)
branch  2 never executed (throw)
    #####:   22:    if (it == j.end() || it->is_null()) return fallback;
call    0 never executed
call    1 never executed
branch  2 never executed (fallthrough)
branch  3 never executed (throw)
branch  4 never executed (fallthrough)
branch  5 never executed
call    6 never executed
branch  7 never executed (fallthrough)
branch  8 never executed (throw)
call    9 never executed
branch 10 never executed (fallthrough)
branch 11 never executed
branch 12 never executed (fallthrough)
branch 13 never executed
    #####:   23:    if (it->is_number()) return it->get<double>();
call    0 never executed
branch  1 never executed (fallthrough)
branch  2 never executed (throw)
call    3 never executed
branch  4 never executed (fallthrough)
branch  5 never executed
call    6 never executed
branch  7 never executed (fallthrough)
branch  8 never executed (throw)
call    9 never executed
branch 10 never executed (fallthrough)
branch 11 never executed (throw)
    #####:   24:    if (it->is_string()) {
call    0 never executed
branch  1 never executed (fallthrough)
branch  2 never executed (throw)
call    3 never executed
branch  4 never executed (fallthrough)
branch  5 never executed
    #####:   25:        try { return std::stod(it->get<std::string>()); }
call    0 never executed
branch  1 never executed (fallthrough)
branch  2 never executed (throw)
call    3 never executed
branch  4 never executed (fallthrough)
branch  5 never executed (throw)
call    6 never executed
branch  7 never executed (fallthrough)
branch  8 never executed (throw)
call    9 never executed
call   10 never executed
    =====:   26:        catch (...) { return fallback; }
call    0 never executed
call    1 never executed
branch  2 never executed (fallthrough)
branch  3 never executed (throw)
        -:   27:    }
    #####:   28:    return fallback;
        -:   29:}
        -:   30:
function _ZN5folio12_GLOBAL__N_16asLongERKN8nlohmann16json_abi_v3_11_310basic_jsonISt3mapSt6vectorNSt7__cxx1112basic_stringIcSt11char_traitsIcESaIcEEEblmdSaNS2_14adl_serializerES5_IhSaIhEEvEEPKcl called 0 returned 0% blocks executed 0%
    #####:   31:long asLong(const json& j, const char* key, long fallback = 0) {
    #####:   32:    auto it = j.find(key);
call    0 never executed
branch  1 never executed (fallthrough)
branch  2 never executed (throw)
    #####:   33:    if (it == j.end() || it->is_null()) return fallback;
call    0 never executed
call    1 never executed
branch  2 never executed (fallthrough)
branch  3 never executed (throw)
branch  4 never executed (fallthrough)
branch  5 never executed
call    6 never executed
branch  7 never executed (fallthrough)
branch  8 never executed (throw)
call    9 never executed
branch 10 never executed (fallthrough)
branch 11 never executed
branch 12 never executed (fallthrough)
branch 13 never executed
    #####:   34:    if (it->is_number_integer()) return it->get<long>();
call    0 never executed
branch  1 never executed (fallthrough)
branch  2 never executed (throw)
call    3 never executed
branch  4 never executed (fallthrough)
branch  5 never executed
call    6 never executed
branch  7 never executed (fallthrough)
branch  8 never executed (throw)
call    9 never executed
branch 10 never executed (fallthrough)
branch 11 never executed (throw)
    #####:   35:    if (it->is_number()) return static_cast<long>(it->get<double>());
call    0 never executed
branch  1 never executed (fallthrough)
branch  2 never executed (throw)
call    3 never executed
branch  4 never executed (fallthrough)
branch  5 never executed
call    6 never executed
branch  7 never executed (fallthrough)
branch  8 never executed (throw)
call    9 never executed
branch 10 never executed (fallthrough)
branch 11 never executed (throw)
    #####:   36:    if (it->is_string()) {
call    0 never executed
branch  1 never executed (fallthrough)
branch  2 never executed (throw)
call    3 never executed
branch  4 never executed (fallthrough)
branch  5 never executed
    #####:   37:        try { return std::stol(it->get<std::string>()); }
call    0 never executed
branch  1 never executed (fallthrough)
branch  2 never executed (throw)
call    3 never executed
branch  4 never executed (fallthrough)
branch  5 never executed (throw)
call    6 never executed
branch  7 never executed (fallthrough)
branch  8 never executed (throw)
call    9 never executed
call   10 never executed
    =====:   38:        catch (...) { return fallback; }
call    0 never executed
call    1 never executed
branch  2 never executed (fallthrough)
branch  3 never executed (throw)
        -:   39:    }
    #####:   40:    return fallback;
        -:   41:}
        -:   42:
function _ZN5folio12_GLOBAL__N_18asStringERKN8nlohmann16json_abi_v3_11_310basic_jsonISt3mapSt6vectorNSt7__cxx1112basic_stringIcSt11char_traitsIcESaIcEEEblmdSaNS2_14adl_serializerES5_IhSaIhEEvEEPKcRKSB_ called 0 returned 0% blocks executed 0%
    #####:   43:std::string asString(const json& j, const char* key, const std::string& fb = {}) {
    #####:   44:    auto it = j.find(key);
call    0 never executed
branch  1 never executed (fallthrough)
branch  2 never executed (throw)
    #####:   45:    if (it == j.end() || it->is_null()) return fb;
call    0 never executed
call    1 never executed
branch  2 never executed (fallthrough)
branch  3 never executed (throw)
branch  4 never executed (fallthrough)
branch  5 never executed
call    6 never executed
branch  7 never executed (fallthrough)
branch  8 never executed (throw)
call    9 never executed
branch 10 never executed (fallthrough)
branch 11 never executed
branch 12 never executed (fallthrough)
branch 13 never executed
call   14 never executed
branch 15 never executed (fallthrough)
branch 16 never executed (throw)
    #####:   46:    if (it->is_string()) return it->get<std::string>();
call    0 never executed
branch  1 never executed (fallthrough)
branch  2 never executed (throw)
call    3 never executed
branch  4 never executed (fallthrough)
branch  5 never executed
call    6 never executed
branch  7 never executed (fallthrough)
branch  8 never executed (throw)
call    9 never executed
branch 10 never executed (fallthrough)
branch 11 never executed (throw)
    #####:   47:    return it->dump();
call    0 never executed
branch  1 never executed (fallthrough)
branch  2 never executed (throw)
call    3 never executed
branch  4 never executed (fallthrough)
branch  5 never executed (throw)
        -:   48:}
        -:   49:
function _ZN5folio12_GLOBAL__N_18parseOneERKN8nlohmann16json_abi_v3_11_310basic_jsonISt3mapSt6vectorNSt7__cxx1112basic_stringIcSt11char_traitsIcESaIcEEEblmdSaNS2_14adl_serializerES5_IhSaIhEEvEE called 0 returned 0% blocks executed 0%
    #####:   50:Position parseOne(const json& j) {
    #####:   51:    Position p;
call    0 never executed
    #####:   52:    p.exchange        = asString(j, "exchange");
call    0 never executed
call    1 never executed
branch  2 never executed (fallthrough)
branch  3 never executed (throw)
call    4 never executed
call    5 never executed
call    6 never executed
call    7 never executed
        -:   53:    // Upstox has shipped both spellings across API versions.
    #####:   54:    p.tradingSymbol   = asString(j, "trading_symbol",
call    0 never executed
branch  1 never executed (fallthrough)
branch  2 never executed (throw)
call    3 never executed
    #####:   55:                        asString(j, "tradingsymbol"));
call    0 never executed
call    1 never executed
branch  2 never executed (fallthrough)
branch  3 never executed (throw)
call    4 never executed
call    5 never executed
call    6 never executed
call    7 never executed
call    8 never executed
    #####:   56:    p.instrumentToken = asString(j, "instrument_token");
call    0 never executed
call    1 never executed
branch  2 never executed (fallthrough)
branch  3 never executed (throw)
call    4 never executed
call    5 never executed
call    6 never executed
call    7 never executed
    #####:   57:    p.product         = asString(j, "product");
call    0 never executed
call    1 never executed
branch  2 never executed (fallthrough)
branch  3 never executed (throw)
call    4 never executed
call    5 never executed
call    6 never executed
call    7 never executed
        -:   58:
    #####:   59:    p.quantity          = asLong(j, "quantity");
call    0 never executed
branch  1 never executed (fallthrough)
branch  2 never executed (throw)
    #####:   60:    p.overnightQuantity = asLong(j, "overnight_quantity");
call    0 never executed
branch  1 never executed (fallthrough)
branch  2 never executed (throw)
    #####:   61:    p.dayBuyQuantity    = asLong(j, "day_buy_quantity");
call    0 never executed
branch  1 never executed (fallthrough)
branch  2 never executed (throw)
    #####:   62:    p.daySellQuantity   = asLong(j, "day_sell_quantity");
call    0 never executed
branch  1 never executed (fallthrough)
branch  2 never executed (throw)
        -:   63:
    #####:   64:    p.averagePrice = asDouble(j, "average_price");
call    0 never executed
branch  1 never executed (fallthrough)
branch  2 never executed (throw)
    #####:   65:    p.lastPrice    = asDouble(j, "last_price");
call    0 never executed
branch  1 never executed (fallthrough)
branch  2 never executed (throw)
    #####:   66:    p.closePrice   = asDouble(j, "close_price");
call    0 never executed
branch  1 never executed (fallthrough)
branch  2 never executed (throw)
    #####:   67:    p.buyPrice     = asDouble(j, "buy_price");
call    0 never executed
branch  1 never executed (fallthrough)
branch  2 never executed (throw)
    #####:   68:    p.sellPrice    = asDouble(j, "sell_price");
call    0 never executed
branch  1 never executed (fallthrough)
branch  2 never executed (throw)
    #####:   69:    p.buyValue     = asDouble(j, "buy_value");
call    0 never executed
branch  1 never executed (fallthrough)
branch  2 never executed (throw)
    #####:   70:    p.sellValue    = asDouble(j, "sell_value");
call    0 never executed
branch  1 never executed (fallthrough)
branch  2 never executed (throw)
        -:   71:
    #####:   72:    p.unrealised = asDouble(j, "unrealised");
call    0 never executed
branch  1 never executed (fallthrough)
branch  2 never executed (throw)
    #####:   73:    p.realised   = asDouble(j, "realised");
call    0 never executed
branch  1 never executed (fallthrough)
branch  2 never executed (throw)
    #####:   74:    p.pnl        = asDouble(j, "pnl");
call    0 never executed
branch  1 never executed (fallthrough)
branch  2 never executed (throw)
    #####:   75:    p.currentValue = asDouble(j, "current_value");
call    0 never executed
branch  1 never executed (fallthrough)
branch  2 never executed (throw)
    #####:   76:    if (std::fabs(p.currentValue) <= 0.0) p.currentValue = asDouble(j, "market_value");
branch  0 never executed (fallthrough)
branch  1 never executed
call    2 never executed
branch  3 never executed (fallthrough)
branch  4 never executed (throw)
    #####:   77:    p.value = asDouble(j, "value");
call    0 never executed
branch  1 never executed (fallthrough)
branch  2 never executed (throw)
    #####:   78:    if (std::fabs(p.value) <= 0.0 && std::fabs(p.currentValue) > 0.0) p.value = p.currentValue;
branch  0 never executed (fallthrough)
branch  1 never executed
branch  2 never executed (fallthrough)
branch  3 never executed
        -:   79:
    #####:   80:    p.multiplier = static_cast<int>(asLong(j, "multiplier", 1));
call    0 never executed
branch  1 never executed (fallthrough)
branch  2 never executed (throw)
    #####:   81:    if (p.multiplier == 0) p.multiplier = 1;
branch  0 never executed (fallthrough)
branch  1 never executed
    #####:   82:    return p;
    =====:   83:}
call    0 never executed
        -:   84:
        -:   85:} // namespace
        -:   86:
function _ZN5folio12UpstoxClientC2ENSt7__cxx1112basic_stringIcSt11char_traitsIcESaIcEEES6_ called 4 returned 100% blocks executed 100%
        4:   87:UpstoxClient::UpstoxClient(std::string accessToken, std::string baseUrl)
        4:   88:    : accessToken_(std::move(accessToken)), baseUrl_(std::move(baseUrl)) {}
call    0 returned 4
call    1 returned 4
call    2 returned 4
call    3 returned 4
call    4 returned 4
        -:   89:
function _ZNK5folio12UpstoxClient12getPositionsEv called 0 returned 0% blocks executed 0%
    #####:   90:PositionsResult UpstoxClient::getPositions() const {
    #####:   91:    PositionsResult out;
call    0 never executed
    #####:   92:    const std::string url = baseUrl_ + "/v2/portfolio/short-term-positions";
call    0 never executed
branch  1 never executed (fallthrough)
branch  2 never executed (throw)
        -:   93:
        -:   94:    const std::map<std::string, std::string> headers = {
        -:   95:        {"Accept",        "application/json"},
        -:   96:        {"Api-Version",   "2.0"},
    #####:   97:        {"Authorization", "Bearer " + accessToken_},
call    0 never executed
call    1 never executed
    #####:   98:    };
call    0 never executed
branch  1 never executed (fallthrough)
branch  2 never executed (throw)
branch  3 never executed (fallthrough)
branch  4 never executed
call    5 never executed
branch  6 never executed (fallthrough)
branch  7 never executed
call    8 never executed
        -:   99:
    #####:  100:    const HttpResponse resp = http_.get(url, headers);
call    0 never executed
branch  1 never executed (fallthrough)
branch  2 never executed (throw)
    #####:  101:    out.httpStatus = resp.statusCode;
    #####:  102:    out.rawBody    = resp.body;
call    0 never executed
branch  1 never executed (fallthrough)
branch  2 never executed (throw)
        -:  103:
    #####:  104:    if (!resp.error.empty()) {
call    0 never executed
branch  1 never executed (fallthrough)
branch  2 never executed
    #####:  105:        out.error = "network error: " + resp.error;
call    0 never executed
branch  1 never executed (fallthrough)
branch  2 never executed (throw)
call    3 never executed
call    4 never executed
    #####:  106:        return out;
        -:  107:    }
    #####:  108:    if (!resp.ok()) {
call    0 never executed
branch  1 never executed (fallthrough)
branch  2 never executed
    #####:  109:        out.error = "HTTP " + std::to_string(resp.statusCode) + " from Upstox";
call    0 never executed
branch  1 never executed (fallthrough)
branch  2 never executed (throw)
call    3 never executed
branch  4 never executed (fallthrough)
branch  5 never executed (throw)
call    6 never executed
branch  7 never executed (fallthrough)
branch  8 never executed (throw)
call    9 never executed
call   10 never executed
call   11 never executed
call   12 never executed
call   13 never executed
call   14 never executed
    #####:  110:        return out;
        -:  111:    }
        -:  112:
        -:  113:    try {
    #####:  114:        const json j = json::parse(resp.body);
call    0 never executed
call    1 never executed
branch  2 never executed (fallthrough)
branch  3 never executed (throw)
call    4 never executed
call    5 never executed
    #####:  115:        const std::string status = j.value("status", "");
call    0 never executed
branch  1 never executed (fallthrough)
branch  2 never executed (throw)
    #####:  116:        if (status != "success") {
call    0 never executed
branch  1 never executed (fallthrough)
branch  2 never executed (throw)
branch  3 never executed (fallthrough)
branch  4 never executed
    #####:  117:            out.error = "Upstox status='" + status + "'";
call    0 never executed
branch  1 never executed (fallthrough)
branch  2 never executed (throw)
call    3 never executed
branch  4 never executed (fallthrough)
branch  5 never executed (throw)
call    6 never executed
call    7 never executed
call    8 never executed
call    9 never executed
    #####:  118:            return out;
        -:  119:        }
    #####:  120:        auto it = j.find("data");
call    0 never executed
branch  1 never executed (fallthrough)
branch  2 never executed (throw)
    #####:  121:        if (it == j.end() || !it->is_array()) {
call    0 never executed
call    1 never executed
branch  2 never executed (fallthrough)
branch  3 never executed (throw)
branch  4 never executed (fallthrough)
branch  5 never executed
call    6 never executed
branch  7 never executed (fallthrough)
branch  8 never executed (throw)
call    9 never executed
branch 10 never executed (fallthrough)
branch 11 never executed
branch 12 never executed (fallthrough)
branch 13 never executed
    #####:  122:            out.error = "'data' field missing or not an array";
call    0 never executed
branch  1 never executed (fallthrough)
branch  2 never executed (throw)
    #####:  123:            return out;
        -:  124:        }
    #####:  125:        out.positions.reserve(it->size());
call    0 never executed
branch  1 never executed (fallthrough)
branch  2 never executed (throw)
call    3 never executed
call    4 never executed
branch  5 never executed (fallthrough)
branch  6 never executed (throw)
    #####:  126:        for (const auto& item : *it) {
call    0 never executed
branch  1 never executed (fallthrough)
branch  2 never executed (throw)
call    3 never executed
call    4 never executed
call    5 never executed
branch  6 never executed (fallthrough)
branch  7 never executed (throw)
call    8 never executed
branch  9 never executed (fallthrough)
branch 10 never executed (throw)
branch 11 never executed
branch 12 never executed (fallthrough)
    #####:  127:            out.positions.push_back(parseOne(item));
call    0 never executed
branch  1 never executed (fallthrough)
branch  2 never executed (throw)
call    3 never executed
branch  4 never executed (fallthrough)
branch  5 never executed (throw)
call    6 never executed
call    7 never executed
branch  8 never executed (fallthrough)
branch  9 never executed (throw)
call   10 never executed
        -:  128:        }
    #####:  129:        out.ok = true;
    #####:  130:    } catch (const std::exception& e) {
call    0 never executed
branch  1 never executed (fallthrough)
branch  2 never executed
call    3 never executed
branch  4 never executed (fallthrough)
branch  5 never executed
call    6 never executed
call    7 never executed
branch  8 never executed (fallthrough)
branch  9 never executed
call   10 never executed
    =====:  131:        out.error = std::string("JSON parse failure: ") + e.what();
call    0 never executed
call    1 never executed
branch  2 never executed (fallthrough)
branch  3 never executed (throw)
call    4 never executed
branch  5 never executed (fallthrough)
branch  6 never executed (throw)
call    7 never executed
call    8 never executed
call    9 never executed
call   10 never executed
    =====:  132:    }
call    0 never executed
call    1 never executed
    #####:  133:    return out;
    #####:  134:}
call    0 never executed
branch  1 never executed (fallthrough)
branch  2 never executed (throw)
call    3 never executed
branch  4 never executed (fallthrough)
branch  5 never executed (throw)
call    6 never executed
branch  7 never executed (fallthrough)
branch  8 never executed (throw)
call    9 never executed
branch 10 never executed (fallthrough)
branch 11 never executed (throw)
call   12 never executed
call   13 never executed
call   14 never executed
branch 15 never executed (fallthrough)
branch 16 never executed
branch 17 never executed (fallthrough)
branch 18 never executed
call   19 never executed
call   20 never executed
call   21 never executed
call   22 never executed
call   23 never executed
        -:  135:
function _ZNK5folio12UpstoxClient11getHoldingsEv called 0 returned 0% blocks executed 0%
    #####:  136:PositionsResult UpstoxClient::getHoldings() const {
    #####:  137:    PositionsResult out;
call    0 never executed
    #####:  138:    const std::string url = baseUrl_ + "/v2/portfolio/long-term-holdings";
call    0 never executed
branch  1 never executed (fallthrough)
branch  2 never executed (throw)
        -:  139:
        -:  140:    const std::map<std::string, std::string> headers = {
        -:  141:        {"Accept",        "application/json"},
        -:  142:        {"Api-Version",   "2.0"},
    #####:  143:        {"Authorization", "Bearer " + accessToken_},
call    0 never executed
call    1 never executed
    #####:  144:    };
call    0 never executed
branch  1 never executed (fallthrough)
branch  2 never executed (throw)
branch  3 never executed (fallthrough)
branch  4 never executed
call    5 never executed
branch  6 never executed (fallthrough)
branch  7 never executed
call    8 never executed
        -:  145:
    #####:  146:    const HttpResponse resp = http_.get(url, headers);
call    0 never executed
branch  1 never executed (fallthrough)
branch  2 never executed (throw)
    #####:  147:    out.httpStatus = resp.statusCode;
    #####:  148:    out.rawBody    = resp.body;
call    0 never executed
branch  1 never executed (fallthrough)
branch  2 never executed (throw)
        -:  149:
    #####:  150:    if (!resp.error.empty()) {
call    0 never executed
branch  1 never executed (fallthrough)
branch  2 never executed
    #####:  151:        out.error = "network error: " + resp.error;
call    0 never executed
branch  1 never executed (fallthrough)
branch  2 never executed (throw)
call    3 never executed
call    4 never executed
    #####:  152:        return out;
        -:  153:    }
    #####:  154:    if (!resp.ok()) {
call    0 never executed
branch  1 never executed (fallthrough)
branch  2 never executed
    #####:  155:        out.error = "HTTP " + std::to_string(resp.statusCode) + " from Upstox holdings";
call    0 never executed
branch  1 never executed (fallthrough)
branch  2 never executed (throw)
call    3 never executed
branch  4 never executed (fallthrough)
branch  5 never executed (throw)
call    6 never executed
branch  7 never executed (fallthrough)
branch  8 never executed (throw)
call    9 never executed
call   10 never executed
call   11 never executed
call   12 never executed
call   13 never executed
call   14 never executed
    #####:  156:        return out;
        -:  157:    }
        -:  158:
        -:  159:    try {
    #####:  160:        const json j = json::parse(resp.body);
call    0 never executed
call    1 never executed
branch  2 never executed (fallthrough)
branch  3 never executed (throw)
call    4 never executed
call    5 never executed
    #####:  161:        if (j.value("status", "") != "success") {
call    0 never executed
branch  1 never executed (fallthrough)
branch  2 never executed (throw)
call    3 never executed
branch  4 never executed (fallthrough)
branch  5 never executed (throw)
call    6 never executed
branch  7 never executed (fallthrough)
branch  8 never executed
call    9 never executed
    #####:  162:            out.error = "Upstox holdings status != success";
call    0 never executed
branch  1 never executed (fallthrough)
branch  2 never executed (throw)
    #####:  163:            return out;
        -:  164:        }
    #####:  165:        auto it = j.find("data");
call    0 never executed
branch  1 never executed (fallthrough)
branch  2 never executed (throw)
    #####:  166:        if (it == j.end() || !it->is_array()) {
call    0 never executed
call    1 never executed
branch  2 never executed (fallthrough)
branch  3 never executed (throw)
branch  4 never executed (fallthrough)
branch  5 never executed
call    6 never executed
branch  7 never executed (fallthrough)
branch  8 never executed (throw)
call    9 never executed
branch 10 never executed (fallthrough)
branch 11 never executed
branch 12 never executed (fallthrough)
branch 13 never executed
    #####:  167:            out.error = "'data' field missing or not an array";
call    0 never executed
branch  1 never executed (fallthrough)
branch  2 never executed (throw)
    #####:  168:            return out;
        -:  169:        }
    #####:  170:        out.positions.reserve(it->size());
call    0 never executed
branch  1 never executed (fallthrough)
branch  2 never executed (throw)
call    3 never executed
call    4 never executed
branch  5 never executed (fallthrough)
branch  6 never executed (throw)
    #####:  171:        for (const auto& item : *it) {
call    0 never executed
branch  1 never executed (fallthrough)
branch  2 never executed (throw)
call    3 never executed
call    4 never executed
call    5 never executed
branch  6 never executed (fallthrough)
branch  7 never executed (throw)
call    8 never executed
branch  9 never executed (fallthrough)
branch 10 never executed (throw)
call   11 never executed
branch 12 never executed (fallthrough)
branch 13 never executed (throw)
branch 14 never executed
branch 15 never executed (fallthrough)
    #####:  172:            Position holding = parseOne(item);
call    0 never executed
branch  1 never executed (fallthrough)
branch  2 never executed (throw)
    #####:  173:            if (std::fabs(holding.currentValue) <= 0.0 &&
branch  0 never executed (fallthrough)
branch  1 never executed
    #####:  174:                std::fabs(holding.lastPrice) > 0.0) {
branch  0 never executed (fallthrough)
branch  1 never executed
    #####:  175:                holding.currentValue = holding.lastPrice * holding.quantity * holding.multiplier;
        -:  176:            }
    #####:  177:            holding.unrealised = holding.pnl;
    #####:  178:            out.positions.push_back(std::move(holding));
call    0 never executed
call    1 never executed
branch  2 never executed (fallthrough)
branch  3 never executed (throw)
    #####:  179:        }
call    0 never executed
call    1 never executed
    #####:  180:        out.ok = true;
    #####:  181:    } catch (const std::exception& e) {
call    0 never executed
branch  1 never executed (fallthrough)
branch  2 never executed
call    3 never executed
branch  4 never executed (fallthrough)
branch  5 never executed
call    6 never executed
    =====:  182:        out.error = std::string("Holdings JSON parse failure: ") + e.what();
call    0 never executed
call    1 never executed
branch  2 never executed (fallthrough)
branch  3 never executed (throw)
call    4 never executed
branch  5 never executed (fallthrough)
branch  6 never executed (throw)
call    7 never executed
call    8 never executed
call    9 never executed
call   10 never executed
    =====:  183:    }
call    0 never executed
call    1 never executed
    #####:  184:    return out;
    #####:  185:}
call    0 never executed
branch  1 never executed (fallthrough)
branch  2 never executed (throw)
call    3 never executed
branch  4 never executed (fallthrough)
branch  5 never executed (throw)
call    6 never executed
branch  7 never executed (fallthrough)
branch  8 never executed (throw)
call    9 never executed
branch 10 never executed (fallthrough)
branch 11 never executed (throw)
call   12 never executed
call   13 never executed
call   14 never executed
branch 15 never executed (fallthrough)
branch 16 never executed
branch 17 never executed (fallthrough)
branch 18 never executed
call   19 never executed
call   20 never executed
call   21 never executed
call   22 never executed
call   23 never executed
        -:  186:
function _ZNK5folio12UpstoxClient7getNewsERKNSt7__cxx1112basic_stringIcSt11char_traitsIcESaIcEEE called 4 returned 100% blocks executed 22%
        4:  187:NewsResult UpstoxClient::getNews(const std::string& category) const {
        4:  188:    NewsResult out;
call    0 returned 4
        -:  189:    // Validate category to prevent injection; support both 'holdings' and 'global' categories
        4:  190:    if (!security::validateNewsCategory(category)) {
call    0 returned 4
branch  1 taken 4 (fallthrough)
branch  2 taken 0 (throw)
branch  3 taken 0 (fallthrough)
branch  4 taken 4
    #####:  191:        out.error = "invalid news category: " + category;
call    0 never executed
branch  1 never executed (fallthrough)
branch  2 never executed (throw)
call    3 never executed
call    4 never executed
    #####:  192:        return out;
        -:  193:    }
        -:  194:    
        4:  195:    const std::string url = baseUrl_ + "/v2/news?category=" + category;
call    0 returned 4
branch  1 taken 4 (fallthrough)
branch  2 taken 0 (throw)
call    3 returned 4
branch  4 taken 4 (fallthrough)
branch  5 taken 0 (throw)
call    6 returned 4
call    7 never executed
        -:  196:
        -:  197:    const std::map<std::string, std::string> headers = {
        -:  198:        {"Accept",        "application/json"},
        4:  199:        {"Authorization", "Bearer " + accessToken_},
call    0 returned 4
call    1 never executed
       16:  200:    };
call    0 returned 4
branch  1 taken 4 (fallthrough)
branch  2 taken 0 (throw)
branch  3 taken 8 (fallthrough)
branch  4 taken 4
call    5 returned 8
branch  6 never executed (fallthrough)
branch  7 never executed
call    8 never executed
        -:  201:
        4:  202:    const HttpResponse resp = http_.get(url, headers);
call    0 returned 4
branch  1 taken 4 (fallthrough)
branch  2 taken 0 (throw)
        4:  203:    out.httpStatus = resp.statusCode;
        4:  204:    out.rawBody    = resp.body;
call    0 returned 4
branch  1 taken 4 (fallthrough)
branch  2 taken 0 (throw)
        -:  205:
        4:  206:    if (!resp.error.empty()) {
call    0 returned 4
branch  1 taken 0 (fallthrough)
branch  2 taken 4
    #####:  207:        out.error = "network error: " + resp.error;
call    0 never executed
branch  1 never executed (fallthrough)
branch  2 never executed (throw)
call    3 never executed
call    4 never executed
    #####:  208:        return out;
        -:  209:    }
        4:  210:    if (!resp.ok()) {
call    0 returned 4
branch  1 taken 4 (fallthrough)
branch  2 taken 0
        -:  211:        // Return descriptive HTTP errors for token renewal prompts
       4*:  212:        if (resp.statusCode == 401 || resp.statusCode == 403) {
branch  0 taken 0 (fallthrough)
branch  1 taken 4
branch  2 never executed (fallthrough)
branch  3 never executed
        4:  213:            out.error = "access token expired or unauthorized (HTTP " + std::to_string(resp.statusCode) + ")";
call    0 returned 4
branch  1 taken 4 (fallthrough)
branch  2 taken 0 (throw)
call    3 returned 4
branch  4 taken 4 (fallthrough)
branch  5 taken 0 (throw)
call    6 returned 4
branch  7 taken 4 (fallthrough)
branch  8 taken 0 (throw)
call    9 returned 4
call   10 returned 4
call   11 returned 4
call   12 returned 4
call   13 never executed
call   14 never executed
        -:  214:        } else {
    #####:  215:            out.error = "HTTP " + std::to_string(resp.statusCode) + " from Upstox news API for category: " + category;
call    0 never executed
branch  1 never executed (fallthrough)
branch  2 never executed (throw)
call    3 never executed
branch  4 never executed (fallthrough)
branch  5 never executed (throw)
call    6 never executed
branch  7 never executed (fallthrough)
branch  8 never executed (throw)
call    9 never executed
branch 10 never executed (fallthrough)
branch 11 never executed (throw)
call   12 never executed
call   13 never executed
call   14 never executed
call   15 never executed
call   16 never executed
call   17 never executed
call   18 never executed
call   19 never executed
        -:  216:        }
        4:  217:        return out;
        -:  218:    }
        -:  219:
        -:  220:    try {
    #####:  221:        const json j = json::parse(resp.body);
call    0 never executed
call    1 never executed
branch  2 never executed (fallthrough)
branch  3 never executed (throw)
call    4 never executed
call    5 never executed
    #####:  222:        if (j.value("status", "") != "success") {
call    0 never executed
branch  1 never executed (fallthrough)
branch  2 never executed (throw)
call    3 never executed
branch  4 never executed (fallthrough)
branch  5 never executed (throw)
call    6 never executed
branch  7 never executed (fallthrough)
branch  8 never executed
call    9 never executed
    #####:  223:            const std::string apiError = j.value("error_code", "");
call    0 never executed
branch  1 never executed (fallthrough)
branch  2 never executed (throw)
    #####:  224:            out.error = !apiError.empty() ? "Upstox error: " + apiError : "Upstox news status != success";
call    0 never executed
branch  1 never executed (fallthrough)
branch  2 never executed
call    3 never executed
branch  4 never executed (fallthrough)
branch  5 never executed (throw)
call    6 never executed
branch  7 never executed (fallthrough)
branch  8 never executed (throw)
call    9 never executed
call   10 never executed
branch 11 never executed (fallthrough)
branch 12 never executed
branch 13 never executed (fallthrough)
branch 14 never executed
    #####:  225:            return out;
    #####:  226:        }
call    0 never executed
call    1 never executed
        -:  227:        // Verify that the response contains a data field
    #####:  228:        if (!j.contains("data")) {
call    0 never executed
branch  1 never executed (fallthrough)
branch  2 never executed (throw)
branch  3 never executed (fallthrough)
branch  4 never executed
    #####:  229:            out.error = "Upstox news response missing 'data' field";
call    0 never executed
branch  1 never executed (fallthrough)
branch  2 never executed (throw)
    #####:  230:            return out;
        -:  231:        }
    #####:  232:        out.ok = true;
    #####:  233:    } catch (const std::exception& e) {
call    0 never executed
branch  1 never executed (fallthrough)
branch  2 never executed
call    3 never executed
branch  4 never executed (fallthrough)
branch  5 never executed
call    6 never executed
    =====:  234:        out.error = std::string("News JSON parse failure: ") + e.what();
call    0 never executed
call    1 never executed
branch  2 never executed (fallthrough)
branch  3 never executed (throw)
call    4 never executed
branch  5 never executed (fallthrough)
branch  6 never executed (throw)
call    7 never executed
call    8 never executed
call    9 never executed
call   10 never executed
    =====:  235:    }
call    0 never executed
call    1 never executed
    #####:  236:    return out;
        8:  237:}
call    0 returned 4
branch  1 taken 4 (fallthrough)
branch  2 taken 0 (throw)
call    3 returned 4
branch  4 taken 4 (fallthrough)
branch  5 taken 0 (throw)
call    6 returned 4
branch  7 taken 4 (fallthrough)
branch  8 taken 0 (throw)
call    9 returned 4
call   10 returned 4
call   11 returned 4
branch 12 never executed (fallthrough)
branch 13 never executed
branch 14 never executed (fallthrough)
branch 15 never executed
call   16 never executed
call   17 never executed
call   18 never executed
call   19 never executed
call   20 never executed
        -:  238:
function _ZNK5folio12UpstoxClient15getFundamentalsERKNSt7__cxx1112basic_stringIcSt11char_traitsIcESaIcEEE called 0 returned 0% blocks executed 0%
    #####:  239:FundamentalsResult UpstoxClient::getFundamentals(const std::string& isin) const {
    #####:  240:    FundamentalsResult out;
call    0 never executed
    #####:  241:    if (isin.empty() || isin.size() > 32 ||
call    0 never executed
branch  1 never executed (fallthrough)
branch  2 never executed
call    3 never executed
branch  4 never executed (fallthrough)
branch  5 never executed
branch  6 never executed (fallthrough)
branch  7 never executed
branch  8 never executed (fallthrough)
branch  9 never executed
    #####:  242:        isin.find_first_not_of("ABCDEFGHIJKLMNOPQRSTUVWXYZabcdefghijklmnopqrstuvwxyz0123456789") != std::string::npos) {
call    0 never executed
    #####:  243:        out.error = "invalid ISIN";
call    0 never executed
branch  1 never executed (fallthrough)
branch  2 never executed (throw)
    #####:  244:        return out;
        -:  245:    }
        -:  246:    const std::map<std::string, std::string> headers = {
        -:  247:        {"Accept", "application/json"},
    #####:  248:        {"Authorization", "Bearer " + accessToken_},
call    0 never executed
call    1 never executed
    #####:  249:    };
call    0 never executed
branch  1 never executed (fallthrough)
branch  2 never executed (throw)
branch  3 never executed (fallthrough)
branch  4 never executed
call    5 never executed
branch  6 never executed (fallthrough)
branch  7 never executed
call    8 never executed
    #####:  250:    const auto profile = http_.get(baseUrl_ + "/v2/fundamentals/" + isin + "/profile", headers);
call    0 never executed
branch  1 never executed (fallthrough)
branch  2 never executed (throw)
call    3 never executed
branch  4 never executed (fallthrough)
branch  5 never executed (throw)
call    6 never executed
branch  7 never executed (fallthrough)
branch  8 never executed (throw)
call    9 never executed
branch 10 never executed (fallthrough)
branch 11 never executed (throw)
call   12 never executed
call   13 never executed
call   14 never executed
call   15 never executed
call   16 never executed
call   17 never executed
    #####:  251:    out.httpStatus = profile.statusCode;
    #####:  252:    if (!profile.error.empty()) {
call    0 never executed
branch  1 never executed (fallthrough)
branch  2 never executed
    #####:  253:        out.error = "network error: " + profile.error;
call    0 never executed
branch  1 never executed (fallthrough)
branch  2 never executed (throw)
call    3 never executed
call    4 never executed
    #####:  254:        return out;
        -:  255:    }
    #####:  256:    if (!profile.ok()) {
call    0 never executed
branch  1 never executed (fallthrough)
branch  2 never executed
    #####:  257:        out.error = "HTTP " + std::to_string(profile.statusCode) + " from Upstox fundamentals profile";
call    0 never executed
branch  1 never executed (fallthrough)
branch  2 never executed (throw)
call    3 never executed
branch  4 never executed (fallthrough)
branch  5 never executed (throw)
call    6 never executed
branch  7 never executed (fallthrough)
branch  8 never executed (throw)
call    9 never executed
call   10 never executed
call   11 never executed
call   12 never executed
call   13 never executed
call   14 never executed
    #####:  258:        return out;
        -:  259:    }
function _ZZNK5folio12UpstoxClient15getFundamentalsERKNSt7__cxx1112basic_stringIcSt11char_traitsIcESaIcEEEENKUlS8_RS6_E_clES8_S9_ called 0 returned 0% blocks executed 0%
    #####:  260:    const auto fetch = [&](const std::string& endpoint, std::string& output) {
    #####:  261:        const auto response = http_.get(baseUrl_ + "/v2/fundamentals/" + isin + endpoint, headers);
call    0 never executed
branch  1 never executed (fallthrough)
branch  2 never executed (throw)
call    3 never executed
branch  4 never executed (fallthrough)
branch  5 never executed (throw)
call    6 never executed
branch  7 never executed (fallthrough)
branch  8 never executed (throw)
call    9 never executed
branch 10 never executed (fallthrough)
branch 11 never executed (throw)
call   12 never executed
call   13 never executed
call   14 never executed
call   15 never executed
call   16 never executed
call   17 never executed
    #####:  262:        if (!response.error.empty()) {
call    0 never executed
branch  1 never executed (fallthrough)
branch  2 never executed
    #####:  263:            out.error = "network error: " + response.error;
call    0 never executed
branch  1 never executed (fallthrough)
branch  2 never executed (throw)
call    3 never executed
call    4 never executed
    #####:  264:            return false;
        -:  265:        }
    #####:  266:        if (!response.ok()) {
call    0 never executed
branch  1 never executed (fallthrough)
branch  2 never executed
    #####:  267:            out.error = "HTTP " + std::to_string(response.statusCode) + " from Upstox fundamentals";
call    0 never executed
branch  1 never executed (fallthrough)
branch  2 never executed (throw)
call    3 never executed
branch  4 never executed (fallthrough)
branch  5 never executed (throw)
call    6 never executed
branch  7 never executed (fallthrough)
branch  8 never executed (throw)
call    9 never executed
call   10 never executed
call   11 never executed
call   12 never executed
call   13 never executed
call   14 never executed
    #####:  268:            return false;
        -:  269:        }
        -:  270:        try {
    #####:  271:            const json payload = json::parse(response.body);
call    0 never executed
call    1 never executed
branch  2 never executed (fallthrough)
branch  3 never executed (throw)
call    4 never executed
call    5 never executed
    #####:  272:            if (payload.value("status", "") != "success") {
call    0 never executed
branch  1 never executed (fallthrough)
branch  2 never executed (throw)
call    3 never executed
branch  4 never executed (fallthrough)
branch  5 never executed (throw)
call    6 never executed
branch  7 never executed (fallthrough)
branch  8 never executed
call    9 never executed
    #####:  273:                out.error = "Upstox fundamentals response was not successful";
call    0 never executed
branch  1 never executed (fallthrough)
branch  2 never executed (throw)
    #####:  274:                return false;
        -:  275:            }
    #####:  276:        } catch (const std::exception& error) {
call    0 never executed
branch  1 never executed (fallthrough)
branch  2 never executed
call    3 never executed
branch  4 never executed (fallthrough)
branch  5 never executed
call    6 never executed
    =====:  277:            out.error = std::string("fundamentals JSON parse failure: ") + error.what();
call    0 never executed
call    1 never executed
branch  2 never executed (fallthrough)
branch  3 never executed (throw)
call    4 never executed
branch  5 never executed (fallthrough)
branch  6 never executed (throw)
call    7 never executed
call    8 never executed
call    9 never executed
call   10 never executed
    =====:  278:            return false;
    =====:  279:        }
call    0 never executed
call    1 never executed
    #####:  280:        output = response.body;
call    0 never executed
branch  1 never executed (fallthrough)
branch  2 never executed (throw)
    #####:  281:        return true;
    #####:  282:    };
call    0 never executed
call    1 never executed
    #####:  283:    if (!fetch("/key-ratios", out.ratiosBody) ||
call    0 never executed
branch  1 never executed (fallthrough)
branch  2 never executed (throw)
call    3 never executed
branch  4 never executed (fallthrough)
branch  5 never executed
branch  6 never executed (fallthrough)
branch  7 never executed
branch  8 never executed (fallthrough)
branch  9 never executed
call   10 never executed
branch 11 never executed (fallthrough)
branch 12 never executed
    #####:  284:        !fetch("/balance-sheet?type=consolidated&fs=true", out.balanceSheetBody) ||
call    0 never executed
branch  1 never executed (fallthrough)
branch  2 never executed (throw)
call    3 never executed
branch  4 never executed (fallthrough)
branch  5 never executed (throw)
branch  6 never executed (fallthrough)
branch  7 never executed
call    8 never executed
branch  9 never executed (fallthrough)
branch 10 never executed
branch 11 never executed (fallthrough)
branch 12 never executed
branch 13 never executed (fallthrough)
branch 14 never executed
call   15 never executed
branch 16 never executed (fallthrough)
branch 17 never executed
    #####:  285:        !fetch("/income-statement?type=consolidated&time_period=yearly&fs=true", out.incomeStatementBody) ||
call    0 never executed
branch  1 never executed (fallthrough)
branch  2 never executed (throw)
call    3 never executed
branch  4 never executed (fallthrough)
branch  5 never executed (throw)
branch  6 never executed (fallthrough)
branch  7 never executed
call    8 never executed
branch  9 never executed (fallthrough)
branch 10 never executed
branch 11 never executed (fallthrough)
branch 12 never executed
branch 13 never executed (fallthrough)
branch 14 never executed
call   15 never executed
branch 16 never executed (fallthrough)
branch 17 never executed
    #####:  286:        !fetch("/cash-flow?type=consolidated&fs=true", out.cashFlowBody) ||
call    0 never executed
branch  1 never executed (fallthrough)
branch  2 never executed (throw)
branch  3 never executed (fallthrough)
branch  4 never executed
call    5 never executed
branch  6 never executed (fallthrough)
branch  7 never executed (throw)
call    8 never executed
branch  9 never executed (fallthrough)
branch 10 never executed (throw)
branch 11 never executed (fallthrough)
branch 12 never executed
call   13 never executed
branch 14 never executed (fallthrough)
branch 15 never executed
branch 16 never executed (fallthrough)
branch 17 never executed
branch 18 never executed (fallthrough)
branch 19 never executed
call   20 never executed
branch 21 never executed (fallthrough)
branch 22 never executed
    #####:  287:        !fetch("/corporate-actions", out.corporateActionsBody)) return out;
call    0 never executed
branch  1 never executed (fallthrough)
branch  2 never executed (throw)
call    3 never executed
branch  4 never executed (fallthrough)
branch  5 never executed (throw)
branch  6 never executed (fallthrough)
branch  7 never executed
branch  8 never executed (fallthrough)
branch  9 never executed
call   10 never executed
branch 11 never executed (fallthrough)
branch 12 never executed
branch 13 never executed (fallthrough)
branch 14 never executed
branch 15 never executed (fallthrough)
branch 16 never executed
call   17 never executed
branch 18 never executed (fallthrough)
branch 19 never executed
        -:  288:    try {
    #####:  289:        const json profileJson = json::parse(profile.body);
call    0 never executed
call    1 never executed
branch  2 never executed (fallthrough)
branch  3 never executed (throw)
call    4 never executed
call    5 never executed
    #####:  290:        if (profileJson.value("status", "") != "success") {
call    0 never executed
branch  1 never executed (fallthrough)
branch  2 never executed (throw)
call    3 never executed
branch  4 never executed (fallthrough)
branch  5 never executed (throw)
call    6 never executed
branch  7 never executed (fallthrough)
branch  8 never executed
call    9 never executed
    #####:  291:            out.error = "Upstox fundamentals response was not successful";
call    0 never executed
branch  1 never executed (fallthrough)
branch  2 never executed (throw)
    #####:  292:            return out;
        -:  293:        }
    #####:  294:        out.profileBody = profile.body;
call    0 never executed
branch  1 never executed (fallthrough)
branch  2 never executed (throw)
    #####:  295:        out.ok = true;
    #####:  296:    } catch (const std::exception& error) {
call    0 never executed
branch  1 never executed (fallthrough)
branch  2 never executed
call    3 never executed
branch  4 never executed (fallthrough)
branch  5 never executed
call    6 never executed
    =====:  297:        out.error = std::string("fundamentals JSON parse failure: ") + error.what();
call    0 never executed
call    1 never executed
branch  2 never executed (fallthrough)
branch  3 never executed (throw)
call    4 never executed
branch  5 never executed (fallthrough)
branch  6 never executed (throw)
call    7 never executed
call    8 never executed
call    9 never executed
call   10 never executed
    =====:  298:    }
call    0 never executed
call    1 never executed
    #####:  299:    return out;
    #####:  300:}
call    0 never executed
branch  1 never executed (fallthrough)
branch  2 never executed (throw)
call    3 never executed
branch  4 never executed (fallthrough)
branch  5 never executed (throw)
call    6 never executed
branch  7 never executed (fallthrough)
branch  8 never executed (throw)
call    9 never executed
call   10 never executed
branch 11 never executed (fallthrough)
branch 12 never executed
branch 13 never executed (fallthrough)
branch 14 never executed
call   15 never executed
call   16 never executed
call   17 never executed
call   18 never executed
        -:  301:
        -:  302:namespace {
        -:  303:
        -:  304:// Upstox requires the '|' inside instrument keys to be URL-encoded as %7C.
function _ZN5folio12_GLOBAL__N_112urlEncodeKeyERKNSt7__cxx1112basic_stringIcSt11char_traitsIcESaIcEEE called 0 returned 0% blocks executed 0%
    #####:  305:std::string urlEncodeKey(const std::string& k) {
    #####:  306:    std::string out;
call    0 never executed
    #####:  307:    out.reserve(k.size() + 4);
call    0 never executed
call    1 never executed
branch  2 never executed (fallthrough)
branch  3 never executed (throw)
    #####:  308:    for (char c : k) {
call    0 never executed
call    1 never executed
call    2 never executed
call    3 never executed
call    4 never executed
branch  5 never executed
branch  6 never executed (fallthrough)
    #####:  309:        if (c == '|') out += "%7C";
branch  0 never executed (fallthrough)
branch  1 never executed
call    2 never executed
branch  3 never executed (fallthrough)
branch  4 never executed (throw)
    #####:  310:        else          out.push_back(c);
call    0 never executed
branch  1 never executed (fallthrough)
branch  2 never executed (throw)
        -:  311:    }
    #####:  312:    return out;
    =====:  313:}
call    0 never executed
        -:  314:
function _ZN5folio12_GLOBAL__N_110fetchQuoteERKNS_10HttpClientERKNSt7__cxx1112basic_stringIcSt11char_traitsIcESaIcEEERKSt3mapIS9_S9_St4lessIS9_ESaISt4pairISA_S9_EEESB_ called 0 returned 0% blocks executed 0%
    #####:  315:MarketQuoteResult fetchQuote(const HttpClient& http,
        -:  316:                             const std::string& url,
        -:  317:                             const std::map<std::string, std::string>& headers,
        -:  318:                             const std::string& label) {
    #####:  319:    MarketQuoteResult out;
call    0 never executed
    #####:  320:    const HttpResponse resp = http.get(url, headers);
call    0 never executed
branch  1 never executed (fallthrough)
branch  2 never executed (throw)
    #####:  321:    out.httpStatus = resp.statusCode;
    #####:  322:    out.rawBody = resp.body;
call    0 never executed
branch  1 never executed (fallthrough)
branch  2 never executed (throw)
    #####:  323:    if (!resp.error.empty()) {
call    0 never executed
branch  1 never executed (fallthrough)
branch  2 never executed
    #####:  324:        out.error = "network error: " + resp.error;
call    0 never executed
branch  1 never executed (fallthrough)
branch  2 never executed (throw)
call    3 never executed
call    4 never executed
    #####:  325:        return out;
        -:  326:    }
    #####:  327:    if (!resp.ok()) {
call    0 never executed
branch  1 never executed (fallthrough)
branch  2 never executed
    #####:  328:        out.error = "HTTP " + std::to_string(resp.statusCode) + " from Upstox " + label;
call    0 never executed
branch  1 never executed (fallthrough)
branch  2 never executed (throw)
call    3 never executed
branch  4 never executed (fallthrough)
branch  5 never executed (throw)
call    6 never executed
branch  7 never executed (fallthrough)
branch  8 never executed (throw)
call    9 never executed
branch 10 never executed (fallthrough)
branch 11 never executed (throw)
call   12 never executed
call   13 never executed
call   14 never executed
call   15 never executed
call   16 never executed
call   17 never executed
call   18 never executed
call   19 never executed
    #####:  329:        return out;
        -:  330:    }
        -:  331:    try {
    #####:  332:        const json payload = json::parse(resp.body);
call    0 never executed
call    1 never executed
branch  2 never executed (fallthrough)
branch  3 never executed (throw)
call    4 never executed
call    5 never executed
    #####:  333:        if (payload.value("status", "") != "success") {
call    0 never executed
branch  1 never executed (fallthrough)
branch  2 never executed (throw)
call    3 never executed
branch  4 never executed (fallthrough)
branch  5 never executed (throw)
call    6 never executed
branch  7 never executed (fallthrough)
branch  8 never executed
call    9 never executed
    #####:  334:            out.error = "Upstox " + label + " status != success";
call    0 never executed
branch  1 never executed (fallthrough)
branch  2 never executed (throw)
call    3 never executed
branch  4 never executed (fallthrough)
branch  5 never executed (throw)
call    6 never executed
call    7 never executed
call    8 never executed
call    9 never executed
    #####:  335:            return out;
        -:  336:        }
    #####:  337:        if (!payload.contains("data") || !payload["data"].is_object()) {
call    0 never executed
branch  1 never executed (fallthrough)
branch  2 never executed (throw)
branch  3 never executed (fallthrough)
branch  4 never executed
call    5 never executed
branch  6 never executed (fallthrough)
branch  7 never executed (throw)
call    8 never executed
branch  9 never executed (fallthrough)
branch 10 never executed
branch 11 never executed (fallthrough)
branch 12 never executed
    #####:  338:            out.error = "'data' missing or not an object in Upstox " + label + " response";
call    0 never executed
branch  1 never executed (fallthrough)
branch  2 never executed (throw)
call    3 never executed
branch  4 never executed (fallthrough)
branch  5 never executed (throw)
call    6 never executed
call    7 never executed
call    8 never executed
call    9 never executed
    #####:  339:            return out;
        -:  340:        }
    #####:  341:        out.ok = true;
    #####:  342:    } catch (const std::exception& error) {
call    0 never executed
branch  1 never executed (fallthrough)
branch  2 never executed
call    3 never executed
branch  4 never executed (fallthrough)
branch  5 never executed
call    6 never executed
    =====:  343:        out.error = label + " JSON parse failure: " + error.what();
call    0 never executed
call    1 never executed
branch  2 never executed (fallthrough)
branch  3 never executed (throw)
call    4 never executed
branch  5 never executed (fallthrough)
branch  6 never executed (throw)
call    7 never executed
call    8 never executed
call    9 never executed
call   10 never executed
    =====:  344:    }
call    0 never executed
call    1 never executed
    #####:  345:    return out;
    #####:  346:}
call    0 never executed
call    1 never executed
call    2 never executed
        -:  347:
        -:  348:} // namespace
        -:  349:
function _ZNK5folio12UpstoxClient8fetchLtpERKSt6vectorINSt7__cxx1112basic_stringIcSt11char_traitsIcESaIcEEESaIS7_EE called 0 returned 0% blocks executed 0%
    #####:  350:LtpResult UpstoxClient::fetchLtp(const std::vector<std::string>& keys) const {
    #####:  351:    LtpResult out;
call    0 never executed
    #####:  352:    if (keys.empty()) { out.ok = true; return out; }
call    0 never executed
branch  1 never executed (fallthrough)
branch  2 never executed
        -:  353:
    #####:  354:    std::string joined;
call    0 never executed
    #####:  355:    for (std::size_t i = 0; i < keys.size(); ++i) {
call    0 never executed
branch  1 never executed
branch  2 never executed (fallthrough)
    #####:  356:        if (i > 0) joined += ',';
branch  0 never executed (fallthrough)
branch  1 never executed
call    2 never executed
branch  3 never executed (fallthrough)
branch  4 never executed (throw)
    #####:  357:        joined += urlEncodeKey(keys[i]);
call    0 never executed
call    1 never executed
branch  2 never executed (fallthrough)
branch  3 never executed (throw)
call    4 never executed
branch  5 never executed (fallthrough)
branch  6 never executed (throw)
call    7 never executed
call    8 never executed
        -:  358:    }
        -:  359:    const std::string url =
    #####:  360:        baseUrl_ + "/v2/market-quote/ltp?instrument_key=" + joined;
call    0 never executed
branch  1 never executed (fallthrough)
branch  2 never executed (throw)
call    3 never executed
branch  4 never executed (fallthrough)
branch  5 never executed (throw)
call    6 never executed
call    7 never executed
        -:  361:
        -:  362:    const std::map<std::string, std::string> headers = {
        -:  363:        {"Accept",        "application/json"},
        -:  364:        {"Api-Version",   "2.0"},
    #####:  365:        {"Authorization", "Bearer " + accessToken_},
call    0 never executed
call    1 never executed
    #####:  366:    };
call    0 never executed
branch  1 never executed (fallthrough)
branch  2 never executed (throw)
branch  3 never executed (fallthrough)
branch  4 never executed
call    5 never executed
branch  6 never executed (fallthrough)
branch  7 never executed
call    8 never executed
        -:  367:
    #####:  368:    const HttpResponse resp = http_.get(url, headers);
call    0 never executed
branch  1 never executed (fallthrough)
branch  2 never executed (throw)
    #####:  369:    out.httpStatus = resp.statusCode;
    #####:  370:    out.rawBody    = resp.body;
call    0 never executed
branch  1 never executed (fallthrough)
branch  2 never executed (throw)
        -:  371:
    #####:  372:    if (!resp.error.empty()) {
call    0 never executed
branch  1 never executed (fallthrough)
branch  2 never executed
    #####:  373:        out.error = "network error: " + resp.error;
call    0 never executed
branch  1 never executed (fallthrough)
branch  2 never executed (throw)
call    3 never executed
call    4 never executed
    #####:  374:        return out;
        -:  375:    }
    #####:  376:    if (!resp.ok()) {
call    0 never executed
branch  1 never executed (fallthrough)
branch  2 never executed
    #####:  377:        out.error = "HTTP " + std::to_string(resp.statusCode) + " from Upstox LTP";
call    0 never executed
branch  1 never executed (fallthrough)
branch  2 never executed (throw)
call    3 never executed
branch  4 never executed (fallthrough)
branch  5 never executed (throw)
call    6 never executed
branch  7 never executed (fallthrough)
branch  8 never executed (throw)
call    9 never executed
call   10 never executed
call   11 never executed
call   12 never executed
call   13 never executed
call   14 never executed
    #####:  378:        return out;
        -:  379:    }
        -:  380:    try {
    #####:  381:        const json j = json::parse(resp.body);
call    0 never executed
call    1 never executed
branch  2 never executed (fallthrough)
branch  3 never executed (throw)
call    4 never executed
call    5 never executed
    #####:  382:        if (j.value("status", "") != "success") {
call    0 never executed
branch  1 never executed (fallthrough)
branch  2 never executed (throw)
call    3 never executed
branch  4 never executed (fallthrough)
branch  5 never executed (throw)
call    6 never executed
branch  7 never executed (fallthrough)
branch  8 never executed
call    9 never executed
    #####:  383:            out.error = "Upstox LTP status != success";
call    0 never executed
branch  1 never executed (fallthrough)
branch  2 never executed (throw)
    #####:  384:            return out;
        -:  385:        }
    #####:  386:        auto data = j.find("data");
call    0 never executed
branch  1 never executed (fallthrough)
branch  2 never executed (throw)
    #####:  387:        if (data == j.end() || !data->is_object()) {
call    0 never executed
call    1 never executed
branch  2 never executed (fallthrough)
branch  3 never executed (throw)
branch  4 never executed (fallthrough)
branch  5 never executed
call    6 never executed
branch  7 never executed (fallthrough)
branch  8 never executed (throw)
call    9 never executed
branch 10 never executed (fallthrough)
branch 11 never executed
branch 12 never executed (fallthrough)
branch 13 never executed
    #####:  388:            out.error = "'data' missing or not an object in LTP response";
call    0 never executed
branch  1 never executed (fallthrough)
branch  2 never executed (throw)
    #####:  389:            return out;
        -:  390:        }
    #####:  391:        for (auto it = data->begin(); it != data->end(); ++it) {
call    0 never executed
branch  1 never executed (fallthrough)
branch  2 never executed (throw)
call    3 never executed
call    4 never executed
branch  5 never executed (fallthrough)
branch  6 never executed (throw)
call    7 never executed
branch  8 never executed (fallthrough)
branch  9 never executed (throw)
call   10 never executed
call   11 never executed
branch 12 never executed (fallthrough)
branch 13 never executed (throw)
branch 14 never executed
branch 15 never executed (fallthrough)
        -:  392:            // The value carries both `instrument_token` (the canonical key)
        -:  393:            // and `last_price`. Prefer the token; fall back to the JSON key.
    #####:  394:            const json& v = it.value();
call    0 never executed
branch  1 never executed (fallthrough)
branch  2 never executed (throw)
    #####:  395:            const std::string key = v.value("instrument_token", it.key());
call    0 never executed
branch  1 never executed (fallthrough)
branch  2 never executed (throw)
call    3 never executed
branch  4 never executed (fallthrough)
branch  5 never executed (throw)
    #####:  396:            const double price = asDouble(v, "last_price", 0.0);
call    0 never executed
branch  1 never executed (fallthrough)
branch  2 never executed (throw)
    #####:  397:            if (!key.empty() && price > 0.0) out.ltp[key] = price;
call    0 never executed
branch  1 never executed (fallthrough)
branch  2 never executed
branch  3 never executed (fallthrough)
branch  4 never executed
branch  5 never executed (fallthrough)
branch  6 never executed
call    7 never executed
branch  8 never executed (fallthrough)
branch  9 never executed (throw)
    #####:  398:        }
call    0 never executed
call    1 never executed
    #####:  399:        out.ok = true;
    #####:  400:    } catch (const std::exception& e) {
call    0 never executed
branch  1 never executed (fallthrough)
branch  2 never executed
call    3 never executed
branch  4 never executed (fallthrough)
branch  5 never executed
call    6 never executed
    =====:  401:        out.error = std::string("LTP parse failure: ") + e.what();
call    0 never executed
call    1 never executed
branch  2 never executed (fallthrough)
branch  3 never executed (throw)
call    4 never executed
branch  5 never executed (fallthrough)
branch  6 never executed (throw)
call    7 never executed
call    8 never executed
call    9 never executed
call   10 never executed
    =====:  402:    }
call    0 never executed
call    1 never executed
    #####:  403:    return out;
    #####:  404:}
call    0 never executed
branch  1 never executed (fallthrough)
branch  2 never executed (throw)
call    3 never executed
branch  4 never executed (fallthrough)
branch  5 never executed (throw)
call    6 never executed
branch  7 never executed (fallthrough)
branch  8 never executed (throw)
call    9 never executed
branch 10 never executed (fallthrough)
branch 11 never executed (throw)
call   12 never executed
call   13 never executed
call   14 never executed
call   15 never executed
branch 16 never executed (fallthrough)
branch 17 never executed
branch 18 never executed (fallthrough)
branch 19 never executed
call   20 never executed
call   21 never executed
call   22 never executed
call   23 never executed
call   24 never executed
call   25 never executed
        -:  405:
function _ZNK5folio12UpstoxClient17fetchMarketQuotesERKSt6vectorINSt7__cxx1112basic_stringIcSt11char_traitsIcESaIcEEESaIS7_EE called 0 returned 0% blocks executed 0%
    #####:  406:MarketQuoteResult UpstoxClient::fetchMarketQuotes(const std::vector<std::string>& keys) const {
    #####:  407:    if (keys.empty()) return {true, 0, {}, R"({"status":"success","data":{}})"};
call    0 never executed
branch  1 never executed (fallthrough)
branch  2 never executed
    #####:  408:    std::string joined;
call    0 never executed
    #####:  409:    for (std::size_t i = 0; i < keys.size(); ++i) {
call    0 never executed
branch  1 never executed
branch  2 never executed (fallthrough)
    #####:  410:        if (i > 0) joined += ',';
branch  0 never executed (fallthrough)
branch  1 never executed
call    2 never executed
branch  3 never executed (fallthrough)
branch  4 never executed (throw)
    #####:  411:        joined += urlEncodeKey(keys[i]);
call    0 never executed
call    1 never executed
branch  2 never executed (fallthrough)
branch  3 never executed (throw)
call    4 never executed
branch  5 never executed (fallthrough)
branch  6 never executed (throw)
call    7 never executed
call    8 never executed
        -:  412:    }
        -:  413:    const std::map<std::string, std::string> headers = {
        -:  414:        {"Accept", "application/json"},
    #####:  415:        {"Authorization", "Bearer " + accessToken_},
call    0 never executed
call    1 never executed
    #####:  416:    };
call    0 never executed
branch  1 never executed (fallthrough)
branch  2 never executed (throw)
branch  3 never executed (fallthrough)
branch  4 never executed
call    5 never executed
branch  6 never executed (fallthrough)
branch  7 never executed
call    8 never executed
    #####:  417:    return fetchQuote(http_, baseUrl_ + "/v2/market-quote/quotes?instrument_key=" + joined,
call    0 never executed
branch  1 never executed (fallthrough)
branch  2 never executed (throw)
call    3 never executed
branch  4 never executed (fallthrough)
branch  5 never executed (throw)
call    6 never executed
call    7 never executed
call    8 never executed
call    9 never executed
    #####:  418:                      headers, "full market quotes");
call    0 never executed
branch  1 never executed (fallthrough)
branch  2 never executed (throw)
call    3 never executed
branch  4 never executed (fallthrough)
branch  5 never executed (throw)
call    6 never executed
call    7 never executed
    #####:  419:}
call    0 never executed
call    1 never executed
branch  2 never executed (fallthrough)
branch  3 never executed (throw)
call    4 never executed
branch  5 never executed (fallthrough)
branch  6 never executed (throw)
call    7 never executed
branch  8 never executed (fallthrough)
branch  9 never executed (throw)
call   10 never executed
branch 11 never executed (fallthrough)
branch 12 never executed (throw)
call   13 never executed
call   14 never executed
branch 15 never executed (fallthrough)
branch 16 never executed
call   17 never executed
branch 18 never executed (fallthrough)
branch 19 never executed
branch 20 never executed (fallthrough)
branch 21 never executed
call   22 never executed
call   23 never executed
call   24 never executed
        -:  420:
function _ZNK5folio12UpstoxClient23authorizeMarketDataFeedEv called 0 returned 0% blocks executed 0%
    #####:  421:WebSocketAuthorizationResult UpstoxClient::authorizeMarketDataFeed() const {
    #####:  422:    WebSocketAuthorizationResult out;
call    0 never executed
        -:  423:    const std::map<std::string, std::string> headers = {
        -:  424:        {"Accept", "application/json"},
    #####:  425:        {"Authorization", "Bearer " + accessToken_},
call    0 never executed
call    1 never executed
    #####:  426:    };
call    0 never executed
branch  1 never executed (fallthrough)
branch  2 never executed (throw)
branch  3 never executed (fallthrough)
branch  4 never executed
call    5 never executed
branch  6 never executed (fallthrough)
branch  7 never executed
call    8 never executed
        -:  427:    const HttpResponse resp = http_.get(
    #####:  428:        baseUrl_ + "/v3/feed/market-data-feed/authorize", headers);
call    0 never executed
branch  1 never executed (fallthrough)
branch  2 never executed (throw)
call    3 never executed
branch  4 never executed (fallthrough)
branch  5 never executed (throw)
call    6 never executed
call    7 never executed
    #####:  429:    out.httpStatus = resp.statusCode;
    #####:  430:    out.rawBody = resp.body;
call    0 never executed
branch  1 never executed (fallthrough)
branch  2 never executed (throw)
    #####:  431:    if (!resp.error.empty()) {
call    0 never executed
branch  1 never executed (fallthrough)
branch  2 never executed
    #####:  432:        out.error = "network error: " + resp.error;
call    0 never executed
branch  1 never executed (fallthrough)
branch  2 never executed (throw)
call    3 never executed
call    4 never executed
    #####:  433:        return out;
        -:  434:    }
    #####:  435:    if (!resp.ok()) {
call    0 never executed
branch  1 never executed (fallthrough)
branch  2 never executed
    #####:  436:        out.error = "HTTP " + std::to_string(resp.statusCode) + " from Upstox market feed authorization";
call    0 never executed
branch  1 never executed (fallthrough)
branch  2 never executed (throw)
call    3 never executed
branch  4 never executed (fallthrough)
branch  5 never executed (throw)
call    6 never executed
branch  7 never executed (fallthrough)
branch  8 never executed (throw)
call    9 never executed
call   10 never executed
call   11 never executed
call   12 never executed
call   13 never executed
call   14 never executed
    #####:  437:        return out;
        -:  438:    }
        -:  439:    try {
    #####:  440:        const json payload = json::parse(resp.body);
call    0 never executed
call    1 never executed
branch  2 never executed (fallthrough)
branch  3 never executed (throw)
call    4 never executed
call    5 never executed
    #####:  441:        if (payload.value("status", "") != "success") {
call    0 never executed
branch  1 never executed (fallthrough)
branch  2 never executed (throw)
call    3 never executed
branch  4 never executed (fallthrough)
branch  5 never executed (throw)
call    6 never executed
branch  7 never executed (fallthrough)
branch  8 never executed
call    9 never executed
    #####:  442:            out.error = "Upstox market feed authorization status != success";
call    0 never executed
branch  1 never executed (fallthrough)
branch  2 never executed (throw)
    #####:  443:            return out;
        -:  444:        }
    #####:  445:        out.authorizedRedirectUri = payload.value("data", json::object())
call    0 never executed
branch  1 never executed (fallthrough)
branch  2 never executed (throw)
call    3 never executed
branch  4 never executed (fallthrough)
branch  5 never executed (throw)
call    6 never executed
call    7 never executed
call    8 never executed
call    9 never executed
    #####:  446:            .value("authorized_redirect_uri", "");
call    0 never executed
branch  1 never executed (fallthrough)
branch  2 never executed (throw)
call    3 never executed
call    4 never executed
    #####:  447:        if (out.authorizedRedirectUri.rfind("wss://", 0) != 0) {
call    0 never executed
branch  1 never executed (fallthrough)
branch  2 never executed (throw)
branch  3 never executed (fallthrough)
branch  4 never executed
    #####:  448:            out.error = "Upstox authorization response did not contain a wss:// URL";
call    0 never executed
branch  1 never executed (fallthrough)
branch  2 never executed (throw)
    #####:  449:            return out;
        -:  450:        }
    #####:  451:        out.ok = true;
    #####:  452:    } catch (const std::exception& error) {
call    0 never executed
branch  1 never executed (fallthrough)
branch  2 never executed
call    3 never executed
branch  4 never executed (fallthrough)
branch  5 never executed
call    6 never executed
    =====:  453:        out.error = std::string("market feed authorization JSON parse failure: ") + error.what();
call    0 never executed
call    1 never executed
branch  2 never executed (fallthrough)
branch  3 never executed (throw)
call    4 never executed
branch  5 never executed (fallthrough)
branch  6 never executed (throw)
call    7 never executed
call    8 never executed
call    9 never executed
call   10 never executed
    =====:  454:    }
call    0 never executed
call    1 never executed
    #####:  455:    return out;
    #####:  456:}
call    0 never executed
branch  1 never executed (fallthrough)
branch  2 never executed (throw)
call    3 never executed
branch  4 never executed (fallthrough)
branch  5 never executed (throw)
call    6 never executed
branch  7 never executed (fallthrough)
branch  8 never executed (throw)
call    9 never executed
call   10 never executed
branch 11 never executed (fallthrough)
branch 12 never executed
branch 13 never executed (fallthrough)
branch 14 never executed
call   15 never executed
call   16 never executed
call   17 never executed
call   18 never executed
        -:  457:
function _ZNK5folio12UpstoxClient15fetchOhlcQuotesERKSt6vectorINSt7__cxx1112basic_stringIcSt11char_traitsIcESaIcEEESaIS7_EERKS7_ called 0 returned 0% blocks executed 0%
    #####:  458:MarketQuoteResult UpstoxClient::fetchOhlcQuotes(const std::vector<std::string>& keys,
        -:  459:                                                const std::string& interval) const {
    #####:  460:    static const std::set<std::string> intervals = {"1d", "I1", "I30"};
branch  0 never executed (fallthrough)
branch  1 never executed
call    2 never executed
branch  3 never executed (fallthrough)
branch  4 never executed
call    5 never executed
branch  6 never executed (fallthrough)
branch  7 never executed (throw)
call    8 never executed
call    9 never executed
branch 10 never executed (fallthrough)
branch 11 never executed
call   12 never executed
    #####:  461:    if (!intervals.count(interval)) {
call    0 never executed
branch  1 never executed (fallthrough)
branch  2 never executed (throw)
branch  3 never executed (fallthrough)
branch  4 never executed
    #####:  462:        return {false, 0, "interval must be one of: 1d, I1, I30", {}};
        -:  463:    }
    #####:  464:    if (keys.empty()) return {true, 0, {}, R"({"status":"success","data":{}})"};
call    0 never executed
branch  1 never executed (fallthrough)
branch  2 never executed
    #####:  465:    std::string joined;
call    0 never executed
    #####:  466:    for (std::size_t i = 0; i < keys.size(); ++i) {
call    0 never executed
branch  1 never executed
branch  2 never executed (fallthrough)
    #####:  467:        if (i > 0) joined += ',';
branch  0 never executed (fallthrough)
branch  1 never executed
call    2 never executed
branch  3 never executed (fallthrough)
branch  4 never executed (throw)
    #####:  468:        joined += urlEncodeKey(keys[i]);
call    0 never executed
call    1 never executed
branch  2 never executed (fallthrough)
branch  3 never executed (throw)
call    4 never executed
branch  5 never executed (fallthrough)
branch  6 never executed (throw)
call    7 never executed
call    8 never executed
        -:  469:    }
        -:  470:    const std::map<std::string, std::string> headers = {
        -:  471:        {"Accept", "application/json"},
    #####:  472:        {"Authorization", "Bearer " + accessToken_},
call    0 never executed
call    1 never executed
    #####:  473:    };
call    0 never executed
branch  1 never executed (fallthrough)
branch  2 never executed (throw)
branch  3 never executed (fallthrough)
branch  4 never executed
call    5 never executed
branch  6 never executed (fallthrough)
branch  7 never executed
call    8 never executed
    #####:  474:    return fetchQuote(http_, baseUrl_ + "/v3/market-quote/ohlc?instrument_key=" + joined +
call    0 never executed
branch  1 never executed (fallthrough)
branch  2 never executed (throw)
call    3 never executed
branch  4 never executed (fallthrough)
branch  5 never executed (throw)
call    6 never executed
branch  7 never executed (fallthrough)
branch  8 never executed (throw)
call    9 never executed
call   10 never executed
call   11 never executed
call   12 never executed
call   13 never executed
call   14 never executed
    #####:  475:                          "&interval=" + interval, headers, "OHLC quotes");
call    0 never executed
branch  1 never executed (fallthrough)
branch  2 never executed (throw)
call    3 never executed
branch  4 never executed (fallthrough)
branch  5 never executed (throw)
call    6 never executed
branch  7 never executed (fallthrough)
branch  8 never executed (throw)
call    9 never executed
call   10 never executed
call   11 never executed
call   12 never executed
    #####:  476:}
call    0 never executed
branch  1 never executed (fallthrough)
branch  2 never executed (throw)
call    3 never executed
call    4 never executed
call    5 never executed
branch  6 never executed (fallthrough)
branch  7 never executed (throw)
call    8 never executed
branch  9 never executed (fallthrough)
branch 10 never executed (throw)
call   11 never executed
branch 12 never executed (fallthrough)
branch 13 never executed (throw)
call   14 never executed
branch 15 never executed (fallthrough)
branch 16 never executed (throw)
call   17 never executed
call   18 never executed
branch 19 never executed (fallthrough)
branch 20 never executed
call   21 never executed
branch 22 never executed (fallthrough)
branch 23 never executed
branch 24 never executed (fallthrough)
branch 25 never executed
call   26 never executed
call   27 never executed
call   28 never executed
        -:  477:
        -:  478:} // namespace folio
