Start testing: Sep 20 06:55 UTC
----------------------------------------------------------
1/1 Testing: portfolio_health_tests
1/1 Test: portfolio_health_tests
Command: "/home/ritup2404/baran-capital-view/build-coverage/portfolio_health_tests"
Directory: /home/ritup2404/baran-capital-view/build-coverage
"portfolio_health_tests" start time: Sep 20 06:55 UTC
Output:
----------------------------------------------------------
[==========] Running 30 tests from 14 test suites.
[----------] Global test environment set-up.
[----------] 7 tests from SecurityUtils
[ RUN      ] SecurityUtils.ValidateSymbolAcceptsExpectedFormat
[       OK ] SecurityUtils.ValidateSymbolAcceptsExpectedFormat (2 ms)
[ RUN      ] SecurityUtils.ValidateQuantityAndPriceBounds
[       OK ] SecurityUtils.ValidateQuantityAndPriceBounds (0 ms)
[ RUN      ] SecurityUtils.ValidateOrderSide
[       OK ] SecurityUtils.ValidateOrderSide (0 ms)
[ RUN      ] SecurityUtils.SecureStringClearsBufferOnMove
[       OK ] SecurityUtils.SecureStringClearsBufferOnMove (0 ms)
[ RUN      ] SecurityUtils.RandomKeyAndFileHashAreStableShapes
[       OK ] SecurityUtils.RandomKeyAndFileHashAreStableShapes (1 ms)
[ RUN      ] SecurityUtils.FilePermissionsValidationMatchesUnixMode
[       OK ] SecurityUtils.FilePermissionsValidationMatchesUnixMode (0 ms)
[ RUN      ] SecurityUtils.RandomStringFallbackGeneratesHexPayload
[       OK ] SecurityUtils.RandomStringFallbackGeneratesHexPayload (0 ms)
[----------] 7 tests from SecurityUtils (4 ms total)

[----------] 5 tests from WebServer
[ RUN      ] WebServer.NormalizeSymbolKeepsDashboardKeysCanonical
[       OK ] WebServer.NormalizeSymbolKeepsDashboardKeysCanonical (0 ms)
[ RUN      ] WebServer.DeeperAnalysisCategoriesAndActionsStayConsistent
[       OK ] WebServer.DeeperAnalysisCategoriesAndActionsStayConsistent (0 ms)
[ RUN      ] WebServer.SecretCodeNormalizationAndValidationStaySafe
[       OK ] WebServer.SecretCodeNormalizationAndValidationStaySafe (0 ms)
[ RUN      ] WebServer.GlobalNewsCategoryValidationPreventsInjection
[       OK ] WebServer.GlobalNewsCategoryValidationPreventsInjection (0 ms)
[ RUN      ] WebServer.StaleAccessTokenDetectionMatchesBrokerErrors
[       OK ] WebServer.StaleAccessTokenDetectionMatchesBrokerErrors (0 ms)
[----------] 5 tests from WebServer (0 ms total)

[----------] 4 tests from UpstoxClient
[ RUN      ] UpstoxClient.GlobalNewsErrorHandlingReturnsClearMessages
[       OK ] UpstoxClient.GlobalNewsErrorHandlingReturnsClearMessages (0 ms)
[ RUN      ] UpstoxClient.GlobalNewsResponseValidationRequiresDataField
[       OK ] UpstoxClient.GlobalNewsResponseValidationRequiresDataField (1 ms)
[ RUN      ] UpstoxClient.GlobalNewsMalformedResponseHandling
[       OK ] UpstoxClient.GlobalNewsMalformedResponseHandling (0 ms)
[ RUN      ] UpstoxClient.ConstructorAcceptsRuntimeBaseUrl
[       OK ] UpstoxClient.ConstructorAcceptsRuntimeBaseUrl (232 ms)
[----------] 4 tests from UpstoxClient (234 ms total)

[----------] 4 tests from Position
[ RUN      ] Position.MarketValuePrefersBrokerReportedValue
[       OK ] Position.MarketValuePrefersBrokerReportedValue (0 ms)
[ RUN      ] Position.MarketValuePrefersCurrentValueAliasWhenPresent
[       OK ] Position.MarketValuePrefersCurrentValueAliasWhenPresent (0 ms)
[ RUN      ] Position.MarketValueUsesLivePriceBeforeStaleExposureValue
[       OK ] Position.MarketValueUsesLivePriceBeforeStaleExposureValue (0 ms)
[ RUN      ] Position.MarketValueUsesLivePriceWhenCurrentValueIsMissing
[       OK ] Position.MarketValueUsesLivePriceWhenCurrentValueIsMissing (0 ms)
[----------] 4 tests from Position (0 ms total)

[----------] 1 test from PortfolioHealth
[ RUN      ] PortfolioHealth.AnalyzeAggregatesExposureAndHealth
[       OK ] PortfolioHealth.AnalyzeAggregatesExposureAndHealth (0 ms)
[----------] 1 test from PortfolioHealth (0 ms total)

[----------] 1 test from PortfolioLoader
[ RUN      ] PortfolioLoader.LoadCsvAndJsonPortfolios
[       OK ] PortfolioLoader.LoadCsvAndJsonPortfolios (2 ms)
[----------] 1 test from PortfolioLoader (2 ms total)

[----------] 1 test from TechnicalIndicators
[ RUN      ] TechnicalIndicators.ComputeStandardIndicatorValues
[       OK ] TechnicalIndicators.ComputeStandardIndicatorValues (0 ms)
[----------] 1 test from TechnicalIndicators (0 ms total)

[----------] 1 test from OrdersAPI
[ RUN      ] OrdersAPI.SimulateAndPlaceSecurityValidatedOrders
[       OK ] OrdersAPI.SimulateAndPlaceSecurityValidatedOrders (0 ms)
[----------] 1 test from OrdersAPI (0 ms total)

[----------] 1 test from NotificationService
[ RUN      ] NotificationService.SendAlertQueuesNotification
[       OK ] NotificationService.SendAlertQueuesNotification (0 ms)
[----------] 1 test from NotificationService (0 ms total)

[----------] 1 test from MLModels
[ RUN      ] MLModels.PredictPriceAndTrendFromSyntheticBars
[       OK ] MLModels.PredictPriceAndTrendFromSyntheticBars (0 ms)
[----------] 1 test from MLModels (0 ms total)

[----------] 1 test from SignalGenerator
[ RUN      ] SignalGenerator.GenerateWeightedSignalFromIndicators
[       OK ] SignalGenerator.GenerateWeightedSignalFromIndicators (0 ms)
[----------] 1 test from SignalGenerator (0 ms total)

[----------] 1 test from TaskScheduler
[ RUN      ] TaskScheduler.SchedulesAndRunsTasks
[       OK ] TaskScheduler.SchedulesAndRunsTasks (51 ms)
[----------] 1 test from TaskScheduler (51 ms total)

[----------] 1 test from StreamingClient
[ RUN      ] StreamingClient.ConnectAndReportConnectionState
[       OK ] StreamingClient.ConnectAndReportConnectionState (0 ms)
[----------] 1 test from StreamingClient (0 ms total)

[----------] 1 test from HttpClient
[ RUN      ] HttpClient.RejectsNonHttpsAndUntrustedHosts
[       OK ] HttpClient.RejectsNonHttpsAndUntrustedHosts (0 ms)
[----------] 1 test from HttpClient (0 ms total)

[----------] Global test environment tear-down
[==========] 30 tests from 14 test suites ran. (295 ms total)
[  PASSED  ] 30 tests.
<end of output>
Test time =   0.33 sec
----------------------------------------------------------
Test Passed.
"portfolio_health_tests" end time: Sep 20 06:55 UTC
"portfolio_health_tests" time elapsed: 00:00:00
----------------------------------------------------------

End testing: Sep 20 06:55 UTC
